<?xml version="1.0" encoding="UTF-8"?>
<!-- Generated by org.testng.reporters.JUnitReportReporter -->
<testsuite hostname="LAPTOP-V7MO72LB" failures="0" tests="1" name="pkg.src.ResearchCount" time="14.249" errors="0" timestamp="08 Jan 2018 23:09:09 GMT" skipped="0">
  <testcase classname="pkg.src.ResearchCount" name="searchTest" time="14.249"/>
</testsuite> <!-- pkg.src.ResearchCount -->
